#
# A fatal error has been detected by the Java Runtime Environment:
#
#  EXCEPTION_ACCESS_VIOLATION (0xc0000005) at pc=0x0000000067a1a6a7, pid=8728, tid=0x0000000000001720
#
# JRE version: Java(TM) SE Runtime Environment (8.0_191-b12) (build 1.8.0_191-b12)
# Java VM: Java HotSpot(TM) 64-Bit Server VM (25.191-b12 mixed mode windows-amd64 compressed oops)
# Problematic frame:
# V  [jvm.dll+0x3fa6a7]
#
# Failed to write core dump. Minidumps are not enabled by default on client versions of Windows
#
# If you would like to submit a bug report, please visit:
#   http://bugreport.java.com/bugreport/crash.jsp
#

---------------  T H R E A D  ---------------

Current thread (0x0000000002f97800):  GCTaskThread [stack: 0x00000000127b0000,0x00000000128b0000] [id=5920]

siginfo: ExceptionCode=0xc0000005, reading address 0x0000000609facb80

Registers:
RAX=0x0000000000000092, RBX=0x0000000000000184, RCX=0x0000000609facb80, RDX=0x000000000306ba90
RSP=0x00000000128afb90, RBP=0x0000000000000200, RSI=0x000000000306ba90, RDI=0x00000000c13cb500
R8 =0x00000000c13cd588, R9 =0x0000000609facb80, R10=0x000000000000000c, R11=0x0000000000000184
R12=0x0000000067c79998, R13=0x0000000002f8e520, R14=0x0000000002f97c00, R15=0x0000000000000000
RIP=0x0000000067a1a6a7, EFLAGS=0x0000000000010202

Top of Stack: (sp=0x00000000128afb90)
0x00000000128afb90:   0000000015d04c60 0000000000000200
0x00000000128afba0:   000000000306ba90 0000000067c79998
0x00000000128afbb0:   000004d60000008e 000004d70000008e
0x00000000128afbc0:   0000000067e43e30 00000000c13cb500
0x00000000128afbd0:   0000000000000200 000004250000002b
0x00000000128afbe0:   00000000c0c03794 0000000067735416
0x00000000128afbf0:   00000000c0c03948 0000000002f8e520
0x00000000128afc00:   0000000002f97c10 0000000002f97c00
0x00000000128afc10:   0000000067c79998 0000000000000000
0x00000000128afc20:   000000001cc276c0 0000000000000000
0x00000000128afc30:   000000000306ba90 0000000067a17fef
0x00000000128afc40:   00000000c13cd588 000004d60000008e
0x00000000128afc50:   000004d70000008e 0000000067c79998
0x00000000128afc60:   00000000c1c45438 0000000000000200
0x00000000128afc70:   000000001cc276c0 0000000067a154ce
0x00000000128afc80:   0000000067599217 0000000002f97800 

Instructions: (pc=0x0000000067a1a6a7)
0x0000000067a1a687:   b0 00 00 00 74 28 8b 0d d5 d1 3a 00 45 8b 48 08
0x0000000067a1a697:   48 8b d6 49 d3 e1 4c 03 0d bc d1 3a 00 49 8b c9
0x0000000067a1a6a7:   49 8b 01 ff 90 08 01 00 00 e9 1b ff ff ff 4d 8b
0x0000000067a1a6b7:   48 08 48 8b d6 49 8b 01 49 8b c9 ff 90 08 01 00 


Register to memory mapping:

RAX=0x0000000000000092 is an unknown value
RBX=0x0000000000000184 is an unknown value
RCX=0x0000000609facb80 is an unknown value
RDX=0x000000000306ba90 is an unknown value
RSP=0x00000000128afb90 is an unknown value
RBP=0x0000000000000200 is an unknown value
RSI=0x000000000306ba90 is an unknown value
RDI=0x00000000c13cb500 is an oop
[Ljava.util.HashMap$Node; 
 - klass: 'java/util/HashMap$Node'[]
 - length: 1024
R8 =0x00000000c13cd588 is an oop
java.util.jar.Attributes 
 - klass: 'java/util/jar/Attributes'
R9 =0x0000000609facb80 is an unknown value
R10=0x000000000000000c is an unknown value
R11=0x0000000000000184 is an unknown value
R12=0x0000000067c79998 is an unknown value
R13=0x0000000002f8e520 is an unknown value
R14=0x0000000002f97c00 is an unknown value
R15=0x0000000000000000 is an unknown value


Stack: [0x00000000127b0000,0x00000000128b0000],  sp=0x00000000128afb90,  free space=1022k
Native frames: (J=compiled Java code, j=interpreted, Vv=VM code, C=native code)
V  [jvm.dll+0x3fa6a7]
V  [jvm.dll+0x3f7fef]
V  [jvm.dll+0x3f54ce]
V  [jvm.dll+0x29eb9a]
C  [msvcr100.dll+0x21d9f]
C  [msvcr100.dll+0x21e3b]
C  [KERNEL32.DLL+0x13034]
C  [ntdll.dll+0x71471]


---------------  P R O C E S S  ---------------

Java Threads: ( => current thread )
  0x00000000187d2000 JavaThread "Memory manager" [_thread_blocked, id=9992, stack(0x000000001edd0000,0x000000001eed0000)]
  0x00000000187d0800 JavaThread "build operations Thread 4" [_thread_blocked, id=5388, stack(0x000000001e6d0000,0x000000001e7d0000)]
  0x00000000187d3800 JavaThread "build operations Thread 3" [_thread_blocked, id=5744, stack(0x000000001e5d0000,0x000000001e6d0000)]
  0x00000000187d5000 JavaThread "build operations Thread 2" [_thread_blocked, id=6944, stack(0x000000001e4d0000,0x000000001e5d0000)]
  0x00000000187d7000 JavaThread "build operations" [_thread_blocked, id=9492, stack(0x000000001e3d0000,0x000000001e4d0000)]
  0x00000000187d4800 JavaThread "Cache worker for Artifact transforms cache (C:\Users\divida10\.gradle\caches\transforms-1)" [_thread_blocked, id=9800, stack(0x000000001dd90000,0x000000001de90000)]
  0x00000000187d1800 JavaThread "Cache worker for file hash cache (C:\Users\divida10\Desktop\fiduc-app\android\.gradle\4.4\fileHashes)" [_thread_blocked, id=1660, stack(0x000000001b3f0000,0x000000001b4f0000)]
  0x00000000187d0000 JavaThread "File lock request listener" [_thread_in_native, id=7536, stack(0x000000001b2f0000,0x000000001b3f0000)]
  0x00000000187d3000 JavaThread "Cache worker for file hash cache (C:\Users\divida10\.gradle\caches\4.4\fileHashes)" [_thread_blocked, id=5984, stack(0x000000001a220000,0x000000001a320000)]
  0x0000000017388800 JavaThread "Stdin handler" [_thread_blocked, id=3548, stack(0x0000000019f20000,0x000000001a020000)]
  0x0000000017386800 JavaThread "Asynchronous log dispatcher for DefaultDaemonConnection: socket connection from /127.0.0.1:55772 to /127.0.0.1:55773" [_thread_blocked, id=1488, stack(0x0000000019e20000,0x0000000019f20000)]
  0x0000000017305000 JavaThread "Daemon worker" [_thread_blocked, id=5796, stack(0x0000000019d20000,0x0000000019e20000)]
  0x0000000017349000 JavaThread "Cancel handler" [_thread_blocked, id=10636, stack(0x0000000019c20000,0x0000000019d20000)]
  0x000000001723c000 JavaThread "Handler for socket connection from /127.0.0.1:55772 to /127.0.0.1:55773" [_thread_in_native, id=1148, stack(0x0000000019920000,0x0000000019a20000)]
  0x000000001875e800 JavaThread "Daemon" [_thread_blocked, id=9316, stack(0x0000000019820000,0x0000000019920000)]
  0x000000001870c800 JavaThread "Daemon periodic checks" [_thread_blocked, id=10312, stack(0x0000000019720000,0x0000000019820000)]
  0x000000001869c800 JavaThread "Incoming local TCP Connector on port 55772" [_thread_in_native, id=8132, stack(0x00000000194d0000,0x00000000195d0000)]
  0x00000000172e2000 JavaThread "Daemon health stats" [_thread_blocked, id=7084, stack(0x0000000018e90000,0x0000000018f90000)]
  0x00000000157ae800 JavaThread "Service Thread" daemon [_thread_blocked, id=11072, stack(0x00000000174c0000,0x00000000175c0000)]
  0x0000000015753000 JavaThread "C1 CompilerThread2" daemon [_thread_blocked, id=9756, stack(0x0000000016fc0000,0x00000000170c0000)]
  0x000000001574d000 JavaThread "C2 CompilerThread1" daemon [_thread_blocked, id=9748, stack(0x0000000016ec0000,0x0000000016fc0000)]
  0x000000001574a000 JavaThread "C2 CompilerThread0" daemon [_thread_blocked, id=9144, stack(0x0000000016dc0000,0x0000000016ec0000)]
  0x0000000015759800 JavaThread "Attach Listener" daemon [_thread_blocked, id=10476, stack(0x0000000016cc0000,0x0000000016dc0000)]
  0x0000000015758000 JavaThread "Signal Dispatcher" daemon [_thread_blocked, id=10780, stack(0x0000000016bc0000,0x0000000016cc0000)]
  0x000000000307a800 JavaThread "Finalizer" daemon [_thread_blocked, id=6252, stack(0x00000000169b0000,0x0000000016ab0000)]
  0x0000000003071800 JavaThread "Reference Handler" daemon [_thread_blocked, id=3484, stack(0x00000000168b0000,0x00000000169b0000)]
  0x0000000002ede800 JavaThread "main" [_thread_blocked, id=5804, stack(0x0000000002d80000,0x0000000002e80000)]

Other Threads:
  0x0000000015717000 VMThread [stack: 0x00000000167b0000,0x00000000168b0000] [id=7668]
  0x00000000170e4000 WatcherThread [stack: 0x00000000175c0000,0x00000000176c0000] [id=3760]

=>0x0000000002f97800 (exited) GCTaskThread [stack: 0x00000000127b0000,0x00000000128b0000] [id=5920]

VM state:at safepoint (normal execution)

VM Mutex/Monitor currently owned by a thread:  ([mutex/lock_event])
[0x0000000002edd3c0] Threads_lock - owner thread: 0x0000000015717000
[0x0000000002f80150] Heap_lock - owner thread: 0x0000000017305000

Heap:
 PSYoungGen      total 207360K, used 15987K [0x00000000eab00000, 0x00000000f8e80000, 0x0000000100000000)
  eden space 189952K, 0% used [0x00000000eab00000,0x00000000eab00000,0x00000000f6480000)
  from space 17408K, 91% used [0x00000000f7700000,0x00000000f869ce30,0x00000000f8800000)
  to   space 18944K, 0% used [0x00000000f6480000,0x00000000f6480000,0x00000000f7700000)
 ParOldGen       total 77312K, used 32579K [0x00000000c0000000, 0x00000000c4b80000, 0x00000000eab00000)
  object space 77312K, 42% used [0x00000000c0000000,0x00000000c1fd0ca8,0x00000000c4b80000)
 Metaspace       used 56709K, capacity 59137K, committed 59160K, reserved 1099776K
  class space    used 7785K, capacity 8495K, committed 8496K, reserved 1048576K

Card table byte_map: [0x0000000012440000,0x0000000012650000] byte_map_base: 0x0000000011e40000

Marking Bits: (ParMarkBitMap*) 0x0000000067e43e30
 Begin Bits: [0x0000000012bb0000, 0x0000000013bb0000)
 End Bits:   [0x0000000013bb0000, 0x0000000014bb0000)

Polling page: 0x0000000001450000

CodeCache: size=245760Kb used=23549Kb max_used=23549Kb free=222210Kb
 bounds [0x0000000003080000, 0x00000000047a0000, 0x0000000012080000]
 total_blobs=7604 nmethods=6825 adapters=691
 compilation: enabled

Compilation events (10 events):
Event: 40.479 Thread 0x0000000015753000 nmethod 7374 0x000000000478b010 code [0x000000000478b1c0, 0x000000000478b5d8]
Event: 40.479 Thread 0x0000000015753000 7375       3       groovyjarjarasm.asm.MethodWriter::visitTypeInsn (110 bytes)
Event: 40.479 Thread 0x0000000015753000 nmethod 7375 0x000000000478a790 code [0x000000000478a920, 0x000000000478adc8]
Event: 40.481 Thread 0x0000000015753000 7376       3       java.util.Collections$UnmodifiableMap$UnmodifiableEntrySet$UnmodifiableEntry::getKey (10 bytes)
Event: 40.482 Thread 0x0000000015753000 nmethod 7376 0x0000000004789910 code [0x0000000004789a80, 0x0000000004789ca8]
Event: 40.483 Thread 0x000000001574d000 7377       4       groovy.lang.MetaClassImpl::addMetaMethodToIndex (65 bytes)
Event: 40.493 Thread 0x0000000015753000 7378       3       groovy.lang.MetaClassImpl::filterPropertyMethod (305 bytes)
Event: 40.495 Thread 0x0000000015753000 nmethod 7378 0x000000000478fb90 code [0x000000000478fe80, 0x0000000004791928]
Event: 40.496 Thread 0x0000000015753000 7379       1       groovy.lang.Reference::get (5 bytes)
Event: 40.496 Thread 0x0000000015753000 nmethod 7379 0x0000000004786210 code [0x0000000004786360, 0x0000000004786470]

GC Heap History (10 events):
Event: 24.118 GC heap after
Heap after GC invocations=10 (full 1):
 PSYoungGen      total 111104K, used 8271K [0x00000000eab00000, 0x00000000f5080000, 0x0000000100000000)
  eden space 99328K, 0% used [0x00000000eab00000,0x00000000eab00000,0x00000000f0c00000)
  from space 11776K, 70% used [0x00000000f0c00000,0x00000000f1413f48,0x00000000f1780000)
  to   space 11776K, 0% used [0x00000000f4500000,0x00000000f4500000,0x00000000f5080000)
 ParOldGen       total 54272K, used 10023K [0x00000000c0000000, 0x00000000c3500000, 0x00000000eab00000)
  object space 54272K, 18% used [0x00000000c0000000,0x00000000c09c9c10,0x00000000c3500000)
 Metaspace       used 34564K, capacity 35293K, committed 35496K, reserved 1079296K
  class space    used 4854K, capacity 5040K, committed 5040K, reserved 1048576K
}
Event: 24.118 GC heap before
{Heap before GC invocations=11 (full 2):
 PSYoungGen      total 111104K, used 8271K [0x00000000eab00000, 0x00000000f5080000, 0x0000000100000000)
  eden space 99328K, 0% used [0x00000000eab00000,0x00000000eab00000,0x00000000f0c00000)
  from space 11776K, 70% used [0x00000000f0c00000,0x00000000f1413f48,0x00000000f1780000)
  to   space 11776K, 0% used [0x00000000f4500000,0x00000000f4500000,0x00000000f5080000)
 ParOldGen       total 54272K, used 10023K [0x00000000c0000000, 0x00000000c3500000, 0x00000000eab00000)
  object space 54272K, 18% used [0x00000000c0000000,0x00000000c09c9c10,0x00000000c3500000)
 Metaspace       used 34564K, capacity 35293K, committed 35496K, reserved 1079296K
  class space    used 4854K, capacity 5040K, committed 5040K, reserved 1048576K
Event: 24.208 GC heap after
Heap after GC invocations=11 (full 2):
 PSYoungGen      total 111104K, used 0K [0x00000000eab00000, 0x00000000f5080000, 0x0000000100000000)
  eden space 99328K, 0% used [0x00000000eab00000,0x00000000eab00000,0x00000000f0c00000)
  from space 11776K, 0% used [0x00000000f0c00000,0x00000000f0c00000,0x00000000f1780000)
  to   space 11776K, 0% used [0x00000000f4500000,0x00000000f4500000,0x00000000f5080000)
 ParOldGen       total 77312K, used 16401K [0x00000000c0000000, 0x00000000c4b80000, 0x00000000eab00000)
  object space 77312K, 21% used [0x00000000c0000000,0x00000000c1004628,0x00000000c4b80000)
 Metaspace       used 34564K, capacity 35293K, committed 35496K, reserved 1079296K
  class space    used 4854K, capacity 5040K, committed 5040K, reserved 1048576K
}
Event: 26.149 GC heap before
{Heap before GC invocations=12 (full 2):
 PSYoungGen      total 111104K, used 99328K [0x00000000eab00000, 0x00000000f5080000, 0x0000000100000000)
  eden space 99328K, 100% used [0x00000000eab00000,0x00000000f0c00000,0x00000000f0c00000)
  from space 11776K, 0% used [0x00000000f0c00000,0x00000000f0c00000,0x00000000f1780000)
  to   space 11776K, 0% used [0x00000000f4500000,0x00000000f4500000,0x00000000f5080000)
 ParOldGen       total 77312K, used 16401K [0x00000000c0000000, 0x00000000c4b80000, 0x00000000eab00000)
  object space 77312K, 21% used [0x00000000c0000000,0x00000000c1004628,0x00000000c4b80000)
 Metaspace       used 40255K, capacity 41121K, committed 41256K, reserved 1085440K
  class space    used 5605K, capacity 5859K, committed 5936K, reserved 1048576K
Event: 26.172 GC heap after
Heap after GC invocations=12 (full 2):
 PSYoungGen      total 149504K, used 10905K [0x00000000eab00000, 0x00000000f5000000, 0x0000000100000000)
  eden space 138240K, 0% used [0x00000000eab00000,0x00000000eab00000,0x00000000f3200000)
  from space 11264K, 96% used [0x00000000f4500000,0x00000000f4fa6720,0x00000000f5000000)
  to   space 12800K, 0% used [0x00000000f3700000,0x00000000f3700000,0x00000000f4380000)
 ParOldGen       total 77312K, used 16409K [0x00000000c0000000, 0x00000000c4b80000, 0x00000000eab00000)
  object space 77312K, 21% used [0x00000000c0000000,0x00000000c1006628,0x00000000c4b80000)
 Metaspace       used 40255K, capacity 41121K, committed 41256K, reserved 1085440K
  class space    used 5605K, capacity 5859K, committed 5936K, reserved 1048576K
}
Event: 30.172 GC heap before
{Heap before GC invocations=13 (full 2):
 PSYoungGen      total 149504K, used 149145K [0x00000000eab00000, 0x00000000f5000000, 0x0000000100000000)
  eden space 138240K, 100% used [0x00000000eab00000,0x00000000f3200000,0x00000000f3200000)
  from space 11264K, 96% used [0x00000000f4500000,0x00000000f4fa6720,0x00000000f5000000)
  to   space 12800K, 0% used [0x00000000f3700000,0x00000000f3700000,0x00000000f4380000)
 ParOldGen       total 77312K, used 16409K [0x00000000c0000000, 0x00000000c4b80000, 0x00000000eab00000)
  object space 77312K, 21% used [0x00000000c0000000,0x00000000c1006628,0x00000000c4b80000)
 Metaspace       used 51468K, capacity 53145K, committed 53288K, reserved 1095680K
  class space    used 7210K, capacity 7635K, committed 7728K, reserved 1048576K
Event: 30.218 GC heap after
Heap after GC invocations=13 (full 2):
 PSYoungGen      total 156160K, used 12787K [0x00000000eab00000, 0x00000000f8800000, 0x0000000100000000)
  eden space 143360K, 0% used [0x00000000eab00000,0x00000000eab00000,0x00000000f3700000)
  from space 12800K, 99% used [0x00000000f3700000,0x00000000f437cf18,0x00000000f4380000)
  to   space 17408K, 0% used [0x00000000f7700000,0x00000000f7700000,0x00000000f8800000)
 ParOldGen       total 77312K, used 24878K [0x00000000c0000000, 0x00000000c4b80000, 0x00000000eab00000)
  object space 77312K, 32% used [0x00000000c0000000,0x00000000c184b838,0x00000000c4b80000)
 Metaspace       used 51468K, capacity 53145K, committed 53288K, reserved 1095680K
  class space    used 7210K, capacity 7635K, committed 7728K, reserved 1048576K
}
Event: 40.497 GC heap before
{Heap before GC invocations=14 (full 2):
 PSYoungGen      total 156160K, used 118508K [0x00000000eab00000, 0x00000000f8800000, 0x0000000100000000)
  eden space 143360K, 73% used [0x00000000eab00000,0x00000000f123e418,0x00000000f3700000)
  from space 12800K, 99% used [0x00000000f3700000,0x00000000f437cf18,0x00000000f4380000)
  to   space 17408K, 0% used [0x00000000f7700000,0x00000000f7700000,0x00000000f8800000)
 ParOldGen       total 77312K, used 24878K [0x00000000c0000000, 0x00000000c4b80000, 0x00000000eab00000)
  object space 77312K, 32% used [0x00000000c0000000,0x00000000c184b838,0x00000000c4b80000)
 Metaspace       used 56709K, capacity 59137K, committed 59160K, reserved 1099776K
  class space    used 7785K, capacity 8495K, committed 8496K, reserved 1048576K
Event: 40.542 GC heap after
Heap after GC invocations=14 (full 2):
 PSYoungGen      total 207360K, used 15987K [0x00000000eab00000, 0x00000000f8e80000, 0x0000000100000000)
  eden space 189952K, 0% used [0x00000000eab00000,0x00000000eab00000,0x00000000f6480000)
  from space 17408K, 91% used [0x00000000f7700000,0x00000000f869ce30,0x00000000f8800000)
  to   space 18944K, 0% used [0x00000000f6480000,0x00000000f6480000,0x00000000f7700000)
 ParOldGen       total 77312K, used 32579K [0x00000000c0000000, 0x00000000c4b80000, 0x00000000eab00000)
  object space 77312K, 42% used [0x00000000c0000000,0x00000000c1fd0ca8,0x00000000c4b80000)
 Metaspace       used 56709K, capacity 59137K, committed 59160K, reserved 1099776K
  class space    used 7785K, capacity 8495K, committed 8496K, reserved 1048576K
}
Event: 40.542 GC heap before
{Heap before GC invocations=15 (full 3):
 PSYoungGen      total 207360K, used 15987K [0x00000000eab00000, 0x00000000f8e80000, 0x0000000100000000)
  eden space 189952K, 0% used [0x00000000eab00000,0x00000000eab00000,0x00000000f6480000)
  from space 17408K, 91% used [0x00000000f7700000,0x00000000f869ce30,0x00000000f8800000)
  to   space 18944K, 0% used [0x00000000f6480000,0x00000000f6480000,0x00000000f7700000)
 ParOldGen       total 77312K, used 32579K [0x00000000c0000000, 0x00000000c4b80000, 0x00000000eab00000)
  object space 77312K, 42% used [0x00000000c0000000,0x00000000c1fd0ca8,0x00000000c4b80000)
 Metaspace       used 56709K, capacity 59137K, committed 59160K, reserved 1099776K
  class space    used 7785K, capacity 8495K, committed 8496K, reserved 1048576K

Deoptimization events (10 events):
Event: 37.092 Thread 0x0000000017305000 Uncommon trap: reason=class_check action=maybe_recompile pc=0x000000000326bc60 method=java.lang.String.equals(Ljava/lang/Object;)Z @ 8
Event: 37.092 Thread 0x0000000017305000 Uncommon trap: reason=class_check action=maybe_recompile pc=0x000000000326bc60 method=java.lang.String.equals(Ljava/lang/Object;)Z @ 8
Event: 37.092 Thread 0x0000000017305000 Uncommon trap: reason=class_check action=maybe_recompile pc=0x000000000326bc60 method=java.lang.String.equals(Ljava/lang/Object;)Z @ 8
Event: 40.033 Thread 0x0000000017305000 Uncommon trap: reason=predicate action=maybe_recompile pc=0x0000000003ba8138 method=java.util.LinkedList.remove(Ljava/lang/Object;)Z @ 48
Event: 40.345 Thread 0x0000000017305000 Uncommon trap: reason=unstable_if action=reinterpret pc=0x00000000032190ec method=org.objectweb.asm.ByteVector.putInt(I)Lorg/objectweb/asm/ByteVector; @ 13
Event: 40.490 Thread 0x0000000017305000 Uncommon trap: reason=class_check action=maybe_recompile pc=0x00000000042f7514 method=groovy.lang.MetaMethod.isStatic()Z @ 1
Event: 40.490 Thread 0x0000000017305000 Uncommon trap: reason=class_check action=maybe_recompile pc=0x00000000042f7514 method=groovy.lang.MetaMethod.isStatic()Z @ 1
Event: 40.490 Thread 0x0000000017305000 Uncommon trap: reason=class_check action=maybe_recompile pc=0x00000000042f7514 method=groovy.lang.MetaMethod.isStatic()Z @ 1
Event: 40.490 Thread 0x0000000017305000 Uncommon trap: reason=class_check action=maybe_recompile pc=0x00000000042f7514 method=groovy.lang.MetaMethod.isStatic()Z @ 1
Event: 40.493 Thread 0x0000000017305000 Uncommon trap: reason=unstable_if action=reinterpret pc=0x000000000433c8b8 method=groovy.lang.MetaClassImpl.filterPropertyMethod(Ljava/lang/Object;ZZ)Ljava/lang/Object; @ 60

Classes redefined (0 events):
No events

Internal exceptions (10 events):
Event: 40.468 Thread 0x0000000017305000 Exception <a 'java/lang/ClassNotFoundException': com/android/build/gradle/internal/CompileOptionsCustomizer> (0x00000000f0d875e0) thrown at [C:\re\workspace\8-2-build-windows-amd64-cygwin\jdk8u191\11896\hotspot\src\share\vm\classfile\systemDictionary.cpp,
Event: 40.469 Thread 0x0000000017305000 Exception <a 'java/lang/ClassNotFoundException': com/android/build/gradle/internal/CompileOptions_DecoratedCustomizer> (0x00000000f0db50a0) thrown at [C:\re\workspace\8-2-build-windows-amd64-cygwin\jdk8u191\11896\hotspot\src\share\vm\classfile\systemDicti
Event: 40.474 Thread 0x0000000017305000 Exception <a 'java/lang/ClassNotFoundException': org/gradle/invocation/DefaultGradle_DecoratedBeanInfo> (0x00000000f0e5f8b0) thrown at [C:\re\workspace\8-2-build-windows-amd64-cygwin\jdk8u191\11896\hotspot\src\share\vm\classfile\systemDictionary.cpp, line
Event: 40.474 Thread 0x0000000017305000 Exception <a 'java/lang/ClassNotFoundException': org/gradle/invocation/DefaultGradleBeanInfo> (0x00000000f0e8e2f8) thrown at [C:\re\workspace\8-2-build-windows-amd64-cygwin\jdk8u191\11896\hotspot\src\share\vm\classfile\systemDictionary.cpp, line 210]
Event: 40.475 Thread 0x0000000017305000 Exception <a 'java/lang/ClassNotFoundException': org/gradle/invocation/DefaultGradleCustomizer> (0x00000000f0ebd978) thrown at [C:\re\workspace\8-2-build-windows-amd64-cygwin\jdk8u191\11896\hotspot\src\share\vm\classfile\systemDictionary.cpp, line 210]
Event: 40.477 Thread 0x0000000017305000 Exception <a 'java/lang/ClassNotFoundException': org/gradle/invocation/DefaultGradle_DecoratedCustomizer> (0x00000000f0f343b0) thrown at [C:\re\workspace\8-2-build-windows-amd64-cygwin\jdk8u191\11896\hotspot\src\share\vm\classfile\systemDictionary.cpp, li
Event: 40.491 Thread 0x0000000017305000 Exception <a 'java/lang/ClassNotFoundException': java/lang/IntegerBeanInfo> (0x00000000f10230d8) thrown at [C:\re\workspace\8-2-build-windows-amd64-cygwin\jdk8u191\11896\hotspot\src\share\vm\classfile\systemDictionary.cpp, line 210]
Event: 40.491 Thread 0x0000000017305000 Exception <a 'java/lang/ClassNotFoundException': java/lang/NumberBeanInfo> (0x00000000f1030ce0) thrown at [C:\re\workspace\8-2-build-windows-amd64-cygwin\jdk8u191\11896\hotspot\src\share\vm\classfile\systemDictionary.cpp, line 210]
Event: 40.492 Thread 0x0000000017305000 Exception <a 'java/lang/ClassNotFoundException': java/lang/NumberCustomizer> (0x00000000f103e918) thrown at [C:\re\workspace\8-2-build-windows-amd64-cygwin\jdk8u191\11896\hotspot\src\share\vm\classfile\systemDictionary.cpp, line 210]
Event: 40.492 Thread 0x0000000017305000 Exception <a 'java/lang/ClassNotFoundException': java/lang/IntegerCustomizer> (0x00000000f1050380) thrown at [C:\re\workspace\8-2-build-windows-amd64-cygwin\jdk8u191\11896\hotspot\src\share\vm\classfile\systemDictionary.cpp, line 210]

Events (10 events):
Event: 40.492 loading class java/lang/IntegerCustomizer
Event: 40.492 loading class java/lang/IntegerCustomizer done
Event: 40.492 loading class java/lang/IntegerCustomizer
Event: 40.492 loading class java/lang/IntegerCustomizer done
Event: 40.493 Thread 0x0000000017305000 Uncommon trap: trap_request=0xffffff65 fr.pc=0x000000000433c8b8
Event: 40.493 Thread 0x0000000017305000 DEOPT PACKING pc=0x000000000433c8b8 sp=0x0000000019e1a240
Event: 40.493 Thread 0x0000000017305000 DEOPT UNPACKING pc=0x00000000030c583b sp=0x0000000019e1a1a8 mode 2
Event: 40.493 loading class org/codehaus/groovy/runtime/dgm$751
Event: 40.493 loading class org/codehaus/groovy/runtime/dgm$751 done
Event: 40.496 Executing VM operation: CollectForMetadataAllocation


Dynamic libraries:
0x00007ff76cb10000 - 0x00007ff76cb47000 	C:\Program Files\Java\jdk1.8.0_191\bin\java.exe
0x00007ff9f1390000 - 0x00007ff9f1571000 	C:\WINDOWS\SYSTEM32\ntdll.dll
0x00007ff9f0680000 - 0x00007ff9f0732000 	C:\WINDOWS\System32\KERNEL32.DLL
0x00007ff9edcf0000 - 0x00007ff9edf63000 	C:\WINDOWS\System32\KERNELBASE.dll
0x00007ff9f0ba0000 - 0x00007ff9f0c41000 	C:\WINDOWS\System32\ADVAPI32.dll
0x00007ff9f07d0000 - 0x00007ff9f086e000 	C:\WINDOWS\System32\msvcrt.dll
0x00007ff9f12f0000 - 0x00007ff9f134b000 	C:\WINDOWS\System32\sechost.dll
0x00007ff9ee880000 - 0x00007ff9ee9a4000 	C:\WINDOWS\System32\RPCRT4.dll
0x00007ff9eef90000 - 0x00007ff9ef120000 	C:\WINDOWS\System32\USER32.dll
0x00007ff9ed760000 - 0x00007ff9ed780000 	C:\WINDOWS\System32\win32u.dll
0x00007ff9f0740000 - 0x00007ff9f0768000 	C:\WINDOWS\System32\GDI32.dll
0x00007ff9ed890000 - 0x00007ff9eda22000 	C:\WINDOWS\System32\gdi32full.dll
0x00007ff9ee780000 - 0x00007ff9ee81f000 	C:\WINDOWS\System32\msvcp_win.dll
0x00007ff9ee680000 - 0x00007ff9ee77a000 	C:\WINDOWS\System32\ucrtbase.dll
0x00007ff9e8530000 - 0x00007ff9e8799000 	C:\WINDOWS\WinSxS\amd64_microsoft.windows.common-controls_6595b64144ccf1df_6.0.17134.407_none_fb449d63306391e9\COMCTL32.dll
0x00007ff9f0870000 - 0x00007ff9f0b92000 	C:\WINDOWS\System32\combase.dll
0x00007ff9eda30000 - 0x00007ff9edaaa000 	C:\WINDOWS\System32\bcryptPrimitives.dll
0x00007ff9f0df0000 - 0x00007ff9f0e1d000 	C:\WINDOWS\System32\IMM32.DLL
0x0000000067ed0000 - 0x0000000067fa2000 	C:\Program Files\Java\jdk1.8.0_191\jre\bin\msvcr100.dll
0x0000000067620000 - 0x0000000067ec4000 	C:\Program Files\Java\jdk1.8.0_191\jre\bin\server\jvm.dll
0x00007ff9eec80000 - 0x00007ff9eec88000 	C:\WINDOWS\System32\PSAPI.DLL
0x00007ff9defc0000 - 0x00007ff9defc9000 	C:\WINDOWS\SYSTEM32\WSOCK32.dll
0x00007ff9f1270000 - 0x00007ff9f12dc000 	C:\WINDOWS\System32\WS2_32.dll
0x00007ff9eb670000 - 0x00007ff9eb693000 	C:\WINDOWS\SYSTEM32\WINMM.dll
0x00007ff9eb550000 - 0x00007ff9eb57a000 	C:\WINDOWS\SYSTEM32\winmmbase.dll
0x00007ff9edab0000 - 0x00007ff9edaf9000 	C:\WINDOWS\System32\cfgmgr32.dll
0x00007ff9e8d00000 - 0x00007ff9e8d0a000 	C:\WINDOWS\SYSTEM32\VERSION.dll
0x0000000067610000 - 0x000000006761f000 	C:\Program Files\Java\jdk1.8.0_191\jre\bin\verify.dll
0x00000000675e0000 - 0x0000000067609000 	C:\Program Files\Java\jdk1.8.0_191\jre\bin\java.dll
0x00000000675c0000 - 0x00000000675d6000 	C:\Program Files\Java\jdk1.8.0_191\jre\bin\zip.dll
0x00007ff9ef120000 - 0x00007ff9f055f000 	C:\WINDOWS\System32\SHELL32.dll
0x00007ff9eeee0000 - 0x00007ff9eef89000 	C:\WINDOWS\System32\shcore.dll
0x00007ff9edf70000 - 0x00007ff9ee67d000 	C:\WINDOWS\System32\windows.storage.dll
0x00007ff9ee820000 - 0x00007ff9ee871000 	C:\WINDOWS\System32\shlwapi.dll
0x00007ff9ed740000 - 0x00007ff9ed751000 	C:\WINDOWS\System32\kernel.appcore.dll
0x00007ff9ed720000 - 0x00007ff9ed73f000 	C:\WINDOWS\System32\profapi.dll
0x00007ff9ed6c0000 - 0x00007ff9ed70c000 	C:\WINDOWS\System32\powrprof.dll
0x00007ff9ed710000 - 0x00007ff9ed71a000 	C:\WINDOWS\System32\FLTLIB.DLL
0x00000000675a0000 - 0x00000000675ba000 	C:\Program Files\Java\jdk1.8.0_191\jre\bin\net.dll
0x00007ff9ecbc0000 - 0x00007ff9ecc26000 	C:\WINDOWS\system32\mswsock.dll
0x0000000067580000 - 0x0000000067591000 	C:\Program Files\Java\jdk1.8.0_191\jre\bin\nio.dll
0x00007ff9e1240000 - 0x00007ff9e125e000 	C:\Users\divida10\.gradle\native\25\windows-amd64\native-platform.dll
0x0000000067570000 - 0x000000006757d000 	C:\Program Files\Java\jdk1.8.0_191\jre\bin\management.dll
0x00007ff9ed3c0000 - 0x00007ff9ed3d7000 	C:\WINDOWS\SYSTEM32\CRYPTSP.dll
0x00007ff9ec740000 - 0x00007ff9ec773000 	C:\WINDOWS\system32\rsaenh.dll
0x00007ff9ed1c0000 - 0x00007ff9ed1e5000 	C:\WINDOWS\SYSTEM32\bcrypt.dll
0x00007ff9ed5d0000 - 0x00007ff9ed5f8000 	C:\WINDOWS\SYSTEM32\USERENV.dll
0x00007ff9ecd70000 - 0x00007ff9ecd7b000 	C:\WINDOWS\SYSTEM32\CRYPTBASE.dll
0x00007ff9ec8e0000 - 0x00007ff9ec918000 	C:\WINDOWS\SYSTEM32\IPHLPAPI.DLL
0x00007ff9f1350000 - 0x00007ff9f1358000 	C:\WINDOWS\System32\NSI.dll
0x00007ff9e9210000 - 0x00007ff9e9226000 	C:\WINDOWS\SYSTEM32\dhcpcsvc6.DLL
0x00007ff9e91f0000 - 0x00007ff9e920a000 	C:\WINDOWS\SYSTEM32\dhcpcsvc.DLL
0x00007ff9ed1f0000 - 0x00007ff9ed3b9000 	C:\WINDOWS\SYSTEM32\dbghelp.dll

VM Arguments:
jvm_args: -XX:+HeapDumpOnOutOfMemoryError -Xmx1024m -Dfile.encoding=windows-1252 -Duser.country=BR -Duser.language=pt -Duser.variant 
java_command: org.gradle.launcher.daemon.bootstrap.GradleDaemon 4.4
java_class_path (initial): C:\Users\divida10\.gradle\wrapper\dists\gradle-4.4-all\9br9xq1tocpiv8o6njlyu5op1\gradle-4.4\lib\gradle-launcher-4.4.jar
Launcher Type: SUN_STANDARD

Environment Variables:
JAVA_HOME=C:\Program Files\Java\jdk1.8.0_191
CLASSPATH=C:\Users\divida10\Desktop\fiduc-app\android\\gradle\wrapper\gradle-wrapper.jar
PATH=C:\Program Files (x86)\Common Files\Oracle\Java\javapath;C:\WINDOWS\system32;C:\WINDOWS;C:\WINDOWS\System32\Wbem;C:\WINDOWS\System32\WindowsPowerShell\v1.0\;C:\Program Files (x86)\Yarn\bin\;C:\Program Files\nodejs\;C:\Program Files\Git\cmd;";c:\android-sdk-windows\tools;c:\android-sdk-windows\platform-tools";;C:\WINDOWS\System32\OpenSSH\;C:\Users\divida10\AppData\Local\Microsoft\WindowsApps;C:\Users\divida10\AppData\Local\Programs\Microsoft VS Code\bin;C:\Users\divida10\AppData\Local\Yarn\bin;C:\Users\divida10\AppData\Roaming\npm;C:\Users\divida10\AppData\Local\hyper\app-2.0.0\resources\bin;C:\flutter\bin;C:\Users\divida10\AppData\Local\Android\Sdk\platform-tools;C:\Python27;
USERNAME=divida10
OS=Windows_NT
PROCESSOR_IDENTIFIER=AMD64 Family 21 Model 101 Stepping 1, AuthenticAMD



---------------  S Y S T E M  ---------------

OS: Windows 10.0 , 64 bit Build 17134 (10.0.17134.1)

CPU:total 4 (initial active 4) (4 cores per cpu, 1 threads per core) family 21 model 101 stepping 1, cmov, cx8, fxsr, mmx, sse, sse2, sse3, ssse3, sse4.1, sse4.2, popcnt, avx, avx2, aes, clmul, mmxext, 3dnowpref, lzcnt, sse4a, tsc, tscinvbit, tscinv, bmi1

Memory: 4k page, physical 8316868k(1668264k free), swap 16705476k(8318688k free)

vm_info: Java HotSpot(TM) 64-Bit Server VM (25.191-b12) for windows-amd64 JRE (1.8.0_191-b12), built on Oct  6 2018 09:29:03 by "java_re" with MS VC++ 10.0 (VS2010)

time: Tue Jan 15 15:16:28 2019
elapsed time: 40 seconds (0d 0h 0m 40s)

